# JRE version: OpenJDK Runtime Environment (8.0_151-b12) (build 1.8.0_151-8u151-b12-0ubuntu0.16.04.2-b12)
# Java VM: OpenJDK 64-Bit Server VM (25.151-b12 mixed mode linux-amd64 compressed oops)
Heap:
 PSYoungGen      total 448512K, used 94823K [0x00000000d6f00000, 0x0000000100000000, 0x0000000100000000)
  eden space 224256K, 0% used [0x00000000d6f00000,0x00000000d6f00000,0x00000000e4a00000)
  from space 224256K, 42% used [0x00000000e4a00000,0x00000000ea699f18,0x00000000f2500000)
  to   space 224256K, 0% used [0x00000000f2500000,0x00000000f2500000,0x0000000100000000)
 ParOldGen       total 1070592K, used 1070320K [0x0000000084c00000, 0x00000000c6180000, 0x00000000d6f00000)
  object space 1070592K, 99% used [0x0000000084c00000,0x00000000c613c380,0x00000000c6180000)
 Metaspace       used 3782K, capacity 4748K, committed 4864K, reserved 1056768K
  class space    used 407K, capacity 436K, committed 512K, reserved 1048576K
GC Heap History (10 events):
Event: 22,543 GC heap after
Heap after GC invocations=13 (full 3):
 PSYoungGen      total 423424K, used 202144K [0x00000000d6f00000, 0x00000000feb80000, 0x0000000100000000)
  eden space 203264K, 0% used [0x00000000d6f00000,0x00000000d6f00000,0x00000000e3580000)
  from space 220160K, 91% used [0x00000000f1480000,0x00000000fd9e8000,0x00000000feb80000)
  to   space 224256K, 0% used [0x00000000e3580000,0x00000000e3580000,0x00000000f1080000)
 ParOldGen       total 671232K, used 515173K [0x0000000084c00000, 0x00000000adb80000, 0x00000000d6f00000)
  object space 671232K, 76% used [0x0000000084c00000,0x00000000a4319748,0x00000000adb80000)
 Metaspace       used 3782K, capacity 4748K, committed 4864K, reserved 1056768K
  class space    used 407K, capacity 436K, committed 512K, reserved 1048576K
}
Event: 23,314 GC heap before
{Heap before GC invocations=14 (full 3):
 PSYoungGen      total 423424K, used 405408K [0x00000000d6f00000, 0x00000000feb80000, 0x0000000100000000)
  eden space 203264K, 100% used [0x00000000d6f00000,0x00000000e3580000,0x00000000e3580000)
  from space 220160K, 91% used [0x00000000f1480000,0x00000000fd9e8000,0x00000000feb80000)
  to   space 224256K, 0% used [0x00000000e3580000,0x00000000e3580000,0x00000000f1080000)
 ParOldGen       total 671232K, used 515173K [0x0000000084c00000, 0x00000000adb80000, 0x00000000d6f00000)
  object space 671232K, 76% used [0x0000000084c00000,0x00000000a4319748,0x00000000adb80000)
 Metaspace       used 3782K, capacity 4748K, committed 4864K, reserved 1056768K
  class space    used 407K, capacity 436K, committed 512K, reserved 1048576K
Event: 24,220 GC heap after
Heap after GC invocations=14 (full 3):
 PSYoungGen      total 427520K, used 144512K [0x00000000d6f00000, 0x0000000100000000, 0x0000000100000000)
  eden space 203264K, 0% used [0x00000000d6f00000,0x00000000d6f00000,0x00000000e3580000)
  from space 224256K, 64% used [0x00000000e3580000,0x00000000ec2a0000,0x00000000f1080000)
  to   space 224256K, 0% used [0x00000000f2500000,0x00000000f2500000,0x0000000100000000)
 ParOldGen       total 718336K, used 717773K [0x0000000084c00000, 0x00000000b0980000, 0x00000000d6f00000)
  object space 718336K, 99% used [0x0000000084c00000,0x00000000b08f3748,0x00000000b0980000)
 Metaspace       used 3782K, capacity 4748K, committed 4864K, reserved 1056768K
  class space    used 407K, capacity 436K, committed 512K, reserved 1048576K
}
Event: 24,220 GC heap before
{Heap before GC invocations=15 (full 4):
 PSYoungGen      total 427520K, used 144512K [0x00000000d6f00000, 0x0000000100000000, 0x0000000100000000)
  eden space 203264K, 0% used [0x00000000d6f00000,0x00000000d6f00000,0x00000000e3580000)
  from space 224256K, 64% used [0x00000000e3580000,0x00000000ec2a0000,0x00000000f1080000)
  to   space 224256K, 0% used [0x00000000f2500000,0x00000000f2500000,0x0000000100000000)
 ParOldGen       total 718336K, used 717773K [0x0000000084c00000, 0x00000000b0980000, 0x00000000d6f00000)
  object space 718336K, 99% used [0x0000000084c00000,0x00000000b08f3748,0x00000000b0980000)
 Metaspace       used 3782K, capacity 4748K, committed 4864K, reserved 1056768K
  class space    used 407K, capacity 436K, committed 512K, reserved 1048576K
Event: 37,624 GC heap after
Heap after GC invocations=15 (full 4):
 PSYoungGen      total 427520K, used 142717K [0x00000000d6f00000, 0x0000000100000000, 0x0000000100000000)
  eden space 203264K, 0% used [0x00000000d6f00000,0x00000000d6f00000,0x00000000e3580000)
  from space 224256K, 63% used [0x00000000e3580000,0x00000000ec0df640,0x00000000f1080000)
  to   space 224256K, 0% used [0x00000000f2500000,0x00000000f2500000,0x0000000100000000)
 ParOldGen       total 1070592K, used 718173K [0x0000000084c00000, 0x00000000c6180000, 0x00000000d6f00000)
  object space 1070592K, 67% used [0x0000000084c00000,0x00000000b09574d8,0x00000000c6180000)
 Metaspace       used 3782K, capacity 4748K, committed 4864K, reserved 1056768K
  class space    used 407K, capacity 436K, committed 512K, reserved 1048576K
}
Event: 38,416 GC heap before
{Heap before GC invocations=16 (full 4):
 PSYoungGen      total 427520K, used 345981K [0x00000000d6f00000, 0x0000000100000000, 0x0000000100000000)
  eden space 203264K, 100% used [0x00000000d6f00000,0x00000000e3580000,0x00000000e3580000)
  from space 224256K, 63% used [0x00000000e3580000,0x00000000ec0df640,0x00000000f1080000)
  to   space 224256K, 0% used [0x00000000f2500000,0x00000000f2500000,0x0000000100000000)
 ParOldGen       total 1070592K, used 718173K [0x0000000084c00000, 0x00000000c6180000, 0x00000000d6f00000)
  object space 1070592K, 67% used [0x0000000084c00000,0x00000000b09574d8,0x00000000c6180000)
 Metaspace       used 3782K, capacity 4748K, committed 4864K, reserved 1056768K
  class space    used 407K, capacity 436K, committed 512K, reserved 1048576K
Event: 39,603 GC heap after
Heap after GC invocations=16 (full 4):
 PSYoungGen      total 448512K, used 144768K [0x00000000d6f00000, 0x0000000100000000, 0x0000000100000000)
  eden space 224256K, 0% used [0x00000000d6f00000,0x00000000d6f00000,0x00000000e4a00000)
  from space 224256K, 64% used [0x00000000f2500000,0x00000000fb260000,0x0000000100000000)
  to   space 224256K, 0% used [0x00000000e4a00000,0x00000000e4a00000,0x00000000f2500000)
 ParOldGen       total 1070592K, used 861469K [0x0000000084c00000, 0x00000000c6180000, 0x00000000d6f00000)
  object space 1070592K, 80% used [0x0000000084c00000,0x00000000b95474d8,0x00000000c6180000)
 Metaspace       used 3782K, capacity 4748K, committed 4864K, reserved 1056768K
  class space    used 407K, capacity 436K, committed 512K, reserved 1048576K
}
Event: 40,494 GC heap before
{Heap before GC invocations=17 (full 4):
 PSYoungGen      total 448512K, used 369024K [0x00000000d6f00000, 0x0000000100000000, 0x0000000100000000)
  eden space 224256K, 100% used [0x00000000d6f00000,0x00000000e4a00000,0x00000000e4a00000)
  from space 224256K, 64% used [0x00000000f2500000,0x00000000fb260000,0x0000000100000000)
  to   space 224256K, 0% used [0x00000000e4a00000,0x00000000e4a00000,0x00000000f2500000)
 ParOldGen       total 1070592K, used 861469K [0x0000000084c00000, 0x00000000c6180000, 0x00000000d6f00000)
  object space 1070592K, 80% used [0x0000000084c00000,0x00000000b95474d8,0x00000000c6180000)
 Metaspace       used 3782K, capacity 4748K, committed 4864K, reserved 1056768K
  class space    used 407K, capacity 436K, committed 512K, reserved 1048576K
Event: 41,283 GC heap after
Heap after GC invocations=17 (full 4):
 PSYoungGen      total 448512K, used 160032K [0x00000000d6f00000, 0x0000000100000000, 0x0000000100000000)
  eden space 224256K, 0% used [0x00000000d6f00000,0x00000000d6f00000,0x00000000e4a00000)
  from space 224256K, 71% used [0x00000000e4a00000,0x00000000ee648000,0x00000000f2500000)
  to   space 224256K, 0% used [0x00000000f2500000,0x00000000f2500000,0x0000000100000000)
 ParOldGen       total 1070592K, used 1006557K [0x0000000084c00000, 0x00000000c6180000, 0x00000000d6f00000)
  object space 1070592K, 94% used [0x0000000084c00000,0x00000000c22f74d8,0x00000000c6180000)
 Metaspace       used 3782K, capacity 4748K, committed 4864K, reserved 1056768K
  class space    used 407K, capacity 436K, committed 512K, reserved 1048576K
}
Event: 41,283 GC heap before
{Heap before GC invocations=18 (full 5):
 PSYoungGen      total 448512K, used 160032K [0x00000000d6f00000, 0x0000000100000000, 0x0000000100000000)
  eden space 224256K, 0% used [0x00000000d6f00000,0x00000000d6f00000,0x00000000e4a00000)
  from space 224256K, 71% used [0x00000000e4a00000,0x00000000ee648000,0x00000000f2500000)
  to   space 224256K, 0% used [0x00000000f2500000,0x00000000f2500000,0x0000000100000000)
 ParOldGen       total 1070592K, used 1006557K [0x0000000084c00000, 0x00000000c6180000, 0x00000000d6f00000)
  object space 1070592K, 94% used [0x0000000084c00000,0x00000000c22f74d8,0x00000000c6180000)
 Metaspace       used 3782K, capacity 4748K, committed 4864K, reserved 1056768K
  class space    used 407K, capacity 436K, committed 512K, reserved 1048576K

